2021-06-22 01:31:16,386 -  nornir.core -     INFO -        run() - Running task 'pyxl_ez_data' with args {'workbook': '/home/htinoco/Dropbox/py-progz/nornir_pyxl/tests/unit/test_data/working_example_wb.xlsx', 'sheetname': 'IP_DATA'} on 1 hosts
2021-06-22 01:31:16,500 -  nornir.core -     INFO -        run() - Running task 'pyxl_ez_data' with args {'workbook': '/home/htinoco/Dropbox/py-progz/nornir_pyxl/tests/unit/test_data/working_example_wb.xlsx', 'sheetname': 'IP_DATA'} on 1 hosts
2021-06-22 01:31:16,616 -  nornir.core -     INFO -        run() - Running task 'nornir_pyxl.plugins.tasks.pyxl_map_data' with args {'workbook': '/home/htinoco/Dropbox/py-progz/nornir_pyxl/tests/unit/test_data/working_example_wb.xlsx', 'sheetname': 'IP_DATA', 'mapping': <enum 'NestedDataMap'>, 'min_row': 2} on 1 hosts
2021-06-22 01:31:16,617 - nornir.core.task -    ERROR -      start() - Host 'test-nomad': task 'nornir_pyxl.plugins.tasks.pyxl_map_data' failed with traceback:
Traceback (most recent call last):
  File "/home/htinoco/.cache/pypoetry/virtualenvs/nornir-pyxl-lq6g4_Tv-py3.8/lib/python3.8/site-packages/nornir/core/task.py", line 98, in start
    r = self.task(self, **self.params)
TypeError: 'module' object is not callable

2021-06-22 01:31:41,339 -  nornir.core -     INFO -        run() - Running task 'pyxl_ez_data' with args {'workbook': '/home/htinoco/Dropbox/py-progz/nornir_pyxl/tests/unit/test_data/working_example_wb.xlsx', 'sheetname': 'IP_DATA'} on 1 hosts
2021-06-22 01:31:41,457 -  nornir.core -     INFO -        run() - Running task 'pyxl_ez_data' with args {'workbook': '/home/htinoco/Dropbox/py-progz/nornir_pyxl/tests/unit/test_data/working_example_wb.xlsx', 'sheetname': 'IP_DATA'} on 1 hosts
2021-06-22 01:31:41,576 -  nornir.core -     INFO -        run() - Running task 'nornir_pyxl.plugins.tasks.pyxl_map_data' with args {'workbook': '/home/htinoco/Dropbox/py-progz/nornir_pyxl/tests/unit/test_data/working_example_wb.xlsx', 'sheetname': 'IP_DATA', 'mapping': <enum 'NestedDataMap'>, 'min_row': 2} on 1 hosts
2021-06-22 01:31:41,577 - nornir.core.task -    ERROR -      start() - Host 'test-nomad': task 'nornir_pyxl.plugins.tasks.pyxl_map_data' failed with traceback:
Traceback (most recent call last):
  File "/home/htinoco/.cache/pypoetry/virtualenvs/nornir-pyxl-lq6g4_Tv-py3.8/lib/python3.8/site-packages/nornir/core/task.py", line 98, in start
    r = self.task(self, **self.params)
TypeError: 'module' object is not callable

2021-06-22 01:31:45,887 -  nornir.core -     INFO -        run() - Running task 'pyxl_ez_data' with args {'workbook': '/home/htinoco/Dropbox/py-progz/nornir_pyxl/tests/unit/test_data/working_example_wb.xlsx', 'sheetname': 'IP_DATA'} on 1 hosts
2021-06-22 01:31:46,001 -  nornir.core -     INFO -        run() - Running task 'pyxl_ez_data' with args {'workbook': '/home/htinoco/Dropbox/py-progz/nornir_pyxl/tests/unit/test_data/working_example_wb.xlsx', 'sheetname': 'IP_DATA'} on 1 hosts
2021-06-22 01:31:46,121 -  nornir.core -     INFO -        run() - Running task 'nornir_pyxl.plugins.tasks.pyxl_map_data' with args {'workbook': '/home/htinoco/Dropbox/py-progz/nornir_pyxl/tests/unit/test_data/working_example_wb.xlsx', 'sheetname': 'IP_DATA', 'mapping': <enum 'NestedDataMap'>, 'min_row': 2} on 1 hosts
2021-06-22 01:31:46,122 - nornir.core.task -    ERROR -      start() - Host 'test-nomad': task 'nornir_pyxl.plugins.tasks.pyxl_map_data' failed with traceback:
Traceback (most recent call last):
  File "/home/htinoco/.cache/pypoetry/virtualenvs/nornir-pyxl-lq6g4_Tv-py3.8/lib/python3.8/site-packages/nornir/core/task.py", line 98, in start
    r = self.task(self, **self.params)
TypeError: 'module' object is not callable

2021-06-22 01:32:57,614 -  nornir.core -     INFO -        run() - Running task 'pyxl_ez_data' with args {'workbook': '/home/htinoco/Dropbox/py-progz/nornir_pyxl/tests/unit/test_data/working_example_wb.xlsx', 'sheetname': 'IP_DATA'} on 1 hosts
2021-06-22 01:32:57,705 -  nornir.core -     INFO -        run() - Running task 'pyxl_ez_data' with args {'workbook': '/home/htinoco/Dropbox/py-progz/nornir_pyxl/tests/unit/test_data/working_example_wb.xlsx', 'sheetname': 'IP_DATA'} on 1 hosts
2021-06-22 01:32:57,826 -  nornir.core -     INFO -        run() - Running task 'nornir_pyxl.plugins.tasks.pyxl_map_data' with args {'workbook': '/home/htinoco/Dropbox/py-progz/nornir_pyxl/tests/unit/test_data/working_example_wb.xlsx', 'sheetname': 'IP_DATA', 'mapping': <enum 'NestedDataMap'>, 'min_row': 2} on 1 hosts
2021-06-22 01:32:57,827 - nornir.core.task -    ERROR -      start() - Host 'test-nomad': task 'nornir_pyxl.plugins.tasks.pyxl_map_data' failed with traceback:
Traceback (most recent call last):
  File "/home/htinoco/.cache/pypoetry/virtualenvs/nornir-pyxl-lq6g4_Tv-py3.8/lib/python3.8/site-packages/nornir/core/task.py", line 98, in start
    r = self.task(self, **self.params)
TypeError: 'module' object is not callable

2021-06-22 01:33:51,560 -  nornir.core -     INFO -        run() - Running task 'pyxl_ez_data' with args {'workbook': '/home/htinoco/Dropbox/py-progz/nornir_pyxl/tests/unit/test_data/working_example_wb.xlsx', 'sheetname': 'IP_DATA'} on 1 hosts
2021-06-22 01:33:51,678 -  nornir.core -     INFO -        run() - Running task 'pyxl_ez_data' with args {'workbook': '/home/htinoco/Dropbox/py-progz/nornir_pyxl/tests/unit/test_data/working_example_wb.xlsx', 'sheetname': 'IP_DATA'} on 1 hosts
2021-06-22 01:34:03,667 -  nornir.core -     INFO -        run() - Running task 'pyxl_ez_data' with args {'workbook': '/home/htinoco/Dropbox/py-progz/nornir_pyxl/tests/unit/test_data/working_example_wb.xlsx', 'sheetname': 'IP_DATA'} on 1 hosts
2021-06-22 01:34:03,784 -  nornir.core -     INFO -        run() - Running task 'pyxl_ez_data' with args {'workbook': '/home/htinoco/Dropbox/py-progz/nornir_pyxl/tests/unit/test_data/working_example_wb.xlsx', 'sheetname': 'IP_DATA'} on 1 hosts
2021-06-22 01:34:03,907 -  nornir.core -     INFO -        run() - Running task 'nornir_pyxl.plugins.tasks.pyxl_data_map' with args {'workbook': '/home/htinoco/Dropbox/py-progz/nornir_pyxl/tests/unit/test_data/working_example_wb.xlsx', 'sheetname': 'IP_DATA', 'mapping': <enum 'NestedDataMap'>, 'min_row': 2} on 1 hosts
2021-06-22 01:34:03,908 - nornir.core.task -    ERROR -      start() - Host 'test-nomad': task 'nornir_pyxl.plugins.tasks.pyxl_data_map' failed with traceback:
Traceback (most recent call last):
  File "/home/htinoco/.cache/pypoetry/virtualenvs/nornir-pyxl-lq6g4_Tv-py3.8/lib/python3.8/site-packages/nornir/core/task.py", line 98, in start
    r = self.task(self, **self.params)
TypeError: 'module' object is not callable

2021-06-22 01:34:10,663 -  nornir.core -     INFO -        run() - Running task 'pyxl_ez_data' with args {'workbook': '/home/htinoco/Dropbox/py-progz/nornir_pyxl/tests/unit/test_data/working_example_wb.xlsx', 'sheetname': 'IP_DATA'} on 1 hosts
2021-06-22 01:34:10,778 -  nornir.core -     INFO -        run() - Running task 'pyxl_ez_data' with args {'workbook': '/home/htinoco/Dropbox/py-progz/nornir_pyxl/tests/unit/test_data/working_example_wb.xlsx', 'sheetname': 'IP_DATA'} on 1 hosts
2021-06-22 01:34:28,135 -  nornir.core -     INFO -        run() - Running task 'pyxl_ez_data' with args {'workbook': '/home/htinoco/Dropbox/py-progz/nornir_pyxl/tests/unit/test_data/working_example_wb.xlsx', 'sheetname': 'IP_DATA'} on 1 hosts
2021-06-22 01:34:28,251 -  nornir.core -     INFO -        run() - Running task 'pyxl_ez_data' with args {'workbook': '/home/htinoco/Dropbox/py-progz/nornir_pyxl/tests/unit/test_data/working_example_wb.xlsx', 'sheetname': 'IP_DATA'} on 1 hosts
2021-06-22 01:34:28,370 -  nornir.core -     INFO -        run() - Running task 'nornir_pyxl.plugins.tasks.pyxl_data_map' with args {'workbook': '/home/htinoco/Dropbox/py-progz/nornir_pyxl/tests/unit/test_data/working_example_wb.xlsx', 'sheetname': 'IP_DATA', 'mapping': <enum 'NestedDataMap'>, 'min_row': 2} on 1 hosts
2021-06-22 01:34:28,371 - nornir.core.task -    ERROR -      start() - Host 'test-nomad': task 'nornir_pyxl.plugins.tasks.pyxl_data_map' failed with traceback:
Traceback (most recent call last):
  File "/home/htinoco/.cache/pypoetry/virtualenvs/nornir-pyxl-lq6g4_Tv-py3.8/lib/python3.8/site-packages/nornir/core/task.py", line 98, in start
    r = self.task(self, **self.params)
TypeError: 'module' object is not callable

2021-06-22 01:35:45,773 -  nornir.core -     INFO -        run() - Running task 'pyxl_ez_data' with args {'workbook': '/home/htinoco/Dropbox/py-progz/nornir_pyxl/tests/unit/test_data/working_example_wb.xlsx', 'sheetname': 'IP_DATA'} on 1 hosts
2021-06-22 01:35:45,866 -  nornir.core -     INFO -        run() - Running task 'pyxl_ez_data' with args {'workbook': '/home/htinoco/Dropbox/py-progz/nornir_pyxl/tests/unit/test_data/working_example_wb.xlsx', 'sheetname': 'IP_DATA'} on 1 hosts
2021-06-22 01:35:45,990 -  nornir.core -     INFO -        run() - Running task 'pyxl_data_map' with args {'workbook': '/home/htinoco/Dropbox/py-progz/nornir_pyxl/tests/unit/test_data/working_example_wb.xlsx', 'sheetname': 'IP_DATA', 'mapping': <enum 'NestedDataMap'>, 'min_row': 2} on 1 hosts
2021-06-22 01:36:25,036 -  nornir.core -     INFO -        run() - Running task 'pyxl_ez_data' with args {'workbook': '/home/htinoco/Dropbox/py-progz/nornir_pyxl/tests/unit/test_data/working_example_wb.xlsx', 'sheetname': 'IP_DATA'} on 1 hosts
2021-06-22 01:36:25,150 -  nornir.core -     INFO -        run() - Running task 'pyxl_ez_data' with args {'workbook': '/home/htinoco/Dropbox/py-progz/nornir_pyxl/tests/unit/test_data/working_example_wb.xlsx', 'sheetname': 'IP_DATA'} on 1 hosts
2021-06-22 01:36:25,270 -  nornir.core -     INFO -        run() - Running task 'pyxl_data_map' with args {'workbook': '/home/htinoco/Dropbox/py-progz/nornir_pyxl/tests/unit/test_data/working_example_wb.xlsx', 'sheetname': 'IP_DATA', 'mapping': <enum 'NestedDataMap'>, 'min_row': 2} on 1 hosts
2021-06-22 01:36:55,668 -  nornir.core -     INFO -        run() - Running task 'pyxl_ez_data' with args {'workbook': '/home/htinoco/Dropbox/py-progz/nornir_pyxl/tests/unit/test_data/working_example_wb.xlsx', 'sheetname': 'IP_DATA'} on 1 hosts
2021-06-22 01:36:55,783 -  nornir.core -     INFO -        run() - Running task 'pyxl_ez_data' with args {'workbook': '/home/htinoco/Dropbox/py-progz/nornir_pyxl/tests/unit/test_data/working_example_wb.xlsx', 'sheetname': 'IP_DATA'} on 1 hosts
2021-06-22 01:37:15,188 -  nornir.core -     INFO -        run() - Running task 'pyxl_data_map' with args {'workbook': '/home/htinoco/Dropbox/py-progz/nornir_pyxl/tests/unit/test_data/working_example_wb.xlsx', 'sheetname': 'IP_DATA', 'mapping': <enum 'NestedDataMap'>, 'min_row': 2} on 1 hosts
2021-06-22 01:37:15,333 -  nornir.core -     INFO -        run() - Running task 'pyxl_ez_data' with args {'workbook': '/home/htinoco/Dropbox/py-progz/nornir_pyxl/tests/unit/test_data/working_example_wb.xlsx', 'sheetname': 'IP_DATA'} on 1 hosts
2021-06-22 01:37:15,449 -  nornir.core -     INFO -        run() - Running task 'pyxl_ez_data' with args {'workbook': '/home/htinoco/Dropbox/py-progz/nornir_pyxl/tests/unit/test_data/working_example_wb.xlsx', 'sheetname': 'IP_DATA'} on 1 hosts
2021-06-22 01:38:22,111 -  nornir.core -     INFO -        run() - Running task 'pyxl_data_map' with args {'workbook': '/home/htinoco/Dropbox/py-progz/nornir_pyxl/tests/unit/test_data/working_example_wb.xlsx', 'sheetname': 'IP_DATA', 'mapping': <enum 'NestedDataMap'>, 'min_row': 2} on 1 hosts
2021-06-22 01:38:22,249 -  nornir.core -     INFO -        run() - Running task 'pyxl_ez_data' with args {'workbook': '/home/htinoco/Dropbox/py-progz/nornir_pyxl/tests/unit/test_data/working_example_wb.xlsx', 'sheetname': 'IP_DATA'} on 1 hosts
2021-06-22 01:38:22,366 -  nornir.core -     INFO -        run() - Running task 'pyxl_ez_data' with args {'workbook': '/home/htinoco/Dropbox/py-progz/nornir_pyxl/tests/unit/test_data/working_example_wb.xlsx', 'sheetname': 'IP_DATA'} on 1 hosts
2021-06-22 01:38:54,008 -  nornir.core -     INFO -        run() - Running task 'pyxl_data_map' with args {'workbook': '/home/htinoco/Dropbox/py-progz/nornir_pyxl/tests/unit/test_data/working_example_wb.xlsx', 'sheetname': 'IP_DATA', 'mapping': <enum 'NestedDataMap'>, 'min_row': 2} on 1 hosts
2021-06-22 01:38:54,153 -  nornir.core -     INFO -        run() - Running task 'pyxl_ez_data' with args {'workbook': '/home/htinoco/Dropbox/py-progz/nornir_pyxl/tests/unit/test_data/working_example_wb.xlsx', 'sheetname': 'IP_DATA'} on 1 hosts
2021-06-22 01:38:54,272 -  nornir.core -     INFO -        run() - Running task 'pyxl_ez_data' with args {'workbook': '/home/htinoco/Dropbox/py-progz/nornir_pyxl/tests/unit/test_data/working_example_wb.xlsx', 'sheetname': 'IP_DATA'} on 1 hosts
2021-06-22 01:39:05,029 -  nornir.core -     INFO -        run() - Running task 'pyxl_data_map' with args {'workbook': '/home/htinoco/Dropbox/py-progz/nornir_pyxl/tests/unit/test_data/working_example_wb.xlsx', 'sheetname': 'IP_DATA', 'mapping': <enum 'NestedDataMap'>, 'min_row': 2} on 1 hosts
2021-06-22 01:39:05,166 -  nornir.core -     INFO -        run() - Running task 'pyxl_ez_data' with args {'workbook': '/home/htinoco/Dropbox/py-progz/nornir_pyxl/tests/unit/test_data/working_example_wb.xlsx', 'sheetname': 'IP_DATA'} on 1 hosts
2021-06-22 01:39:05,283 -  nornir.core -     INFO -        run() - Running task 'pyxl_ez_data' with args {'workbook': '/home/htinoco/Dropbox/py-progz/nornir_pyxl/tests/unit/test_data/working_example_wb.xlsx', 'sheetname': 'IP_DATA'} on 1 hosts
2021-06-22 01:39:32,221 -  nornir.core -     INFO -        run() - Running task 'pyxl_data_map' with args {'workbook': '/home/htinoco/Dropbox/py-progz/nornir_pyxl/tests/unit/test_data/working_example_wb.xlsx', 'sheetname': 'IP_DATA', 'mapping': <enum 'NestedDataMap'>, 'min_row': 2} on 1 hosts
2021-06-22 01:39:32,360 -  nornir.core -     INFO -        run() - Running task 'pyxl_ez_data' with args {'workbook': '/home/htinoco/Dropbox/py-progz/nornir_pyxl/tests/unit/test_data/working_example_wb.xlsx', 'sheetname': 'IP_DATA'} on 1 hosts
2021-06-22 01:39:32,465 -  nornir.core -     INFO -        run() - Running task 'pyxl_ez_data' with args {'workbook': '/home/htinoco/Dropbox/py-progz/nornir_pyxl/tests/unit/test_data/working_example_wb.xlsx', 'sheetname': 'IP_DATA'} on 1 hosts
2021-06-22 01:39:48,841 -  nornir.core -     INFO -        run() - Running task 'pyxl_data_map' with args {'workbook': '/home/htinoco/Dropbox/py-progz/nornir_pyxl/tests/unit/test_data/working_example_wb.xlsx', 'sheetname': 'IP_DATA', 'mapping': <enum 'NestedDataMap'>, 'min_row': 2} on 1 hosts
2021-06-22 01:39:48,976 -  nornir.core -     INFO -        run() - Running task 'pyxl_ez_data' with args {'workbook': '/home/htinoco/Dropbox/py-progz/nornir_pyxl/tests/unit/test_data/working_example_wb.xlsx', 'sheetname': 'IP_DATA'} on 1 hosts
2021-06-22 01:39:49,093 -  nornir.core -     INFO -        run() - Running task 'pyxl_ez_data' with args {'workbook': '/home/htinoco/Dropbox/py-progz/nornir_pyxl/tests/unit/test_data/working_example_wb.xlsx', 'sheetname': 'IP_DATA'} on 1 hosts
2021-06-22 01:40:48,419 -  nornir.core -     INFO -        run() - Running task 'pyxl_data_map' with args {'workbook': '/home/htinoco/Dropbox/py-progz/nornir_pyxl/tests/unit/test_data/working_example_wb.xlsx', 'sheetname': 'IP_DATA', 'mapping': <enum 'NestedDataMap'>, 'min_row': 2} on 1 hosts
2021-06-22 01:40:48,560 -  nornir.core -     INFO -        run() - Running task 'pyxl_ez_data' with args {'workbook': '/home/htinoco/Dropbox/py-progz/nornir_pyxl/tests/unit/test_data/working_example_wb.xlsx', 'sheetname': 'IP_DATA'} on 1 hosts
2021-06-22 01:40:48,676 -  nornir.core -     INFO -        run() - Running task 'pyxl_ez_data' with args {'workbook': '/home/htinoco/Dropbox/py-progz/nornir_pyxl/tests/unit/test_data/working_example_wb.xlsx', 'sheetname': 'IP_DATA'} on 1 hosts
2021-06-22 01:41:08,074 -  nornir.core -     INFO -        run() - Running task 'pyxl_data_map' with args {'workbook': '/home/htinoco/Dropbox/py-progz/nornir_pyxl/tests/unit/test_data/working_example_wb.xlsx', 'sheetname': 'IP_DATA', 'mapping': <enum 'NestedDataMap'>, 'min_row': 2} on 1 hosts
2021-06-22 01:42:04,735 -  nornir.core -     INFO -        run() - Running task 'pyxl_data_map' with args {'workbook': '/home/htinoco/Dropbox/py-progz/nornir_pyxl/tests/unit/test_data/working_example_wb.xlsx', 'sheetname': 'IP_DATA', 'mapping': <enum 'NestedDataMap'>, 'min_row': 2} on 1 hosts
2021-06-22 01:42:20,754 -  nornir.core -     INFO -        run() - Running task 'pyxl_data_map' with args {'workbook': '/home/htinoco/Dropbox/py-progz/nornir_pyxl/tests/unit/test_data/working_example_wb.xlsx', 'sheetname': 'IP_DATA', 'mapping': <enum 'NestedDataMap'>, 'min_row': 2} on 1 hosts
2021-06-22 01:42:34,138 -  nornir.core -     INFO -        run() - Running task 'pyxl_data_map' with args {'workbook': '/home/htinoco/Dropbox/py-progz/nornir_pyxl/tests/unit/test_data/working_example_wb.xlsx', 'sheetname': 'IP_DATA', 'mapping': <enum 'NestedDataMap'>, 'min_row': 2} on 1 hosts
2021-06-22 01:42:50,032 -  nornir.core -     INFO -        run() - Running task 'pyxl_data_map' with args {'workbook': '/home/htinoco/Dropbox/py-progz/nornir_pyxl/tests/unit/test_data/working_example_wb.xlsx', 'sheetname': 'IP_DATA', 'mapping': <enum 'NestedDataMap'>, 'min_row': 2} on 1 hosts
2021-06-22 01:44:40,479 -  nornir.core -     INFO -        run() - Running task 'pyxl_data_map' with args {'workbook': '/home/htinoco/Dropbox/py-progz/nornir_pyxl/tests/unit/test_data/working_example_wb.xlsx', 'sheetname': 'IP_DATA', 'mapping': <enum 'NestedDataMap'>, 'min_row': 2} on 1 hosts
2021-06-22 01:45:12,287 -  nornir.core -     INFO -        run() - Running task 'pyxl_data_map' with args {'workbook': '/home/htinoco/Dropbox/py-progz/nornir_pyxl/tests/unit/test_data/working_example_wb.xlsx', 'sheetname': 'IP_DATA', 'mapping': <enum 'NestedDataMap'>, 'min_row': 2} on 1 hosts
2021-06-22 01:45:20,693 -  nornir.core -     INFO -        run() - Running task 'pyxl_data_map' with args {'workbook': '/home/htinoco/Dropbox/py-progz/nornir_pyxl/tests/unit/test_data/working_example_wb.xlsx', 'sheetname': 'IP_DATA', 'mapping': <enum 'NestedDataMap'>, 'min_row': 2} on 1 hosts
2021-06-22 01:45:50,266 -  nornir.core -     INFO -        run() - Running task 'pyxl_data_map' with args {'workbook': '/home/htinoco/Dropbox/py-progz/nornir_pyxl/tests/unit/test_data/working_example_wb.xlsx', 'sheetname': 'IP_DATA', 'mapping': <enum 'NestedDataMap'>, 'min_row': 2} on 1 hosts
2021-06-22 01:46:15,512 -  nornir.core -     INFO -        run() - Running task 'pyxl_data_map' with args {'workbook': '/home/htinoco/Dropbox/py-progz/nornir_pyxl/tests/unit/test_data/working_example_wb.xlsx', 'sheetname': 'IP_DATA', 'mapping': <enum 'NestedDataMap'>, 'min_row': 2} on 1 hosts
2021-06-22 01:46:41,672 -  nornir.core -     INFO -        run() - Running task 'pyxl_data_map' with args {'workbook': '/home/htinoco/Dropbox/py-progz/nornir_pyxl/tests/unit/test_data/working_example_wb.xlsx', 'sheetname': 'IP_DATA', 'mapping': <enum 'NestedDataMap'>, 'min_row': 2} on 1 hosts
2021-06-22 01:46:58,714 -  nornir.core -     INFO -        run() - Running task 'pyxl_data_map' with args {'workbook': '/home/htinoco/Dropbox/py-progz/nornir_pyxl/tests/unit/test_data/working_example_wb.xlsx', 'sheetname': 'IP_DATA', 'mapping': <enum 'NestedDataMap'>, 'min_row': 2} on 1 hosts
2021-06-22 01:47:22,427 -  nornir.core -     INFO -        run() - Running task 'pyxl_data_map' with args {'workbook': '/home/htinoco/Dropbox/py-progz/nornir_pyxl/tests/unit/test_data/working_example_wb.xlsx', 'sheetname': 'IP_DATA', 'mapping': <enum 'NestedDataMap'>, 'min_row': 2} on 1 hosts
2021-06-22 01:47:59,476 -  nornir.core -     INFO -        run() - Running task 'pyxl_data_map' with args {'workbook': '/home/htinoco/Dropbox/py-progz/nornir_pyxl/tests/unit/test_data/working_example_wb.xlsx', 'sheetname': 'IP_DATA', 'mapping': <enum 'NestedDataMap'>, 'min_row': 2} on 1 hosts
2021-06-22 01:48:08,630 -  nornir.core -     INFO -        run() - Running task 'pyxl_data_map' with args {'workbook': '/home/htinoco/Dropbox/py-progz/nornir_pyxl/tests/unit/test_data/working_example_wb.xlsx', 'sheetname': 'IP_DATA', 'mapping': <enum 'NestedDataMap'>, 'min_row': 2} on 1 hosts
2021-06-22 01:48:39,625 -  nornir.core -     INFO -        run() - Running task 'pyxl_data_map' with args {'workbook': '/home/htinoco/Dropbox/py-progz/nornir_pyxl/tests/unit/test_data/working_example_wb.xlsx', 'sheetname': 'IP_DATA', 'mapping': <enum 'NestedDataMap'>, 'min_row': 2} on 1 hosts
2021-06-22 01:48:45,711 -  nornir.core -     INFO -        run() - Running task 'pyxl_data_map' with args {'workbook': '/home/htinoco/Dropbox/py-progz/nornir_pyxl/tests/unit/test_data/working_example_wb.xlsx', 'sheetname': 'IP_DATA', 'mapping': <enum 'NestedDataMap'>, 'min_row': 2} on 1 hosts
2021-06-22 01:49:09,519 -  nornir.core -     INFO -        run() - Running task 'pyxl_data_map' with args {'workbook': '/home/htinoco/Dropbox/py-progz/nornir_pyxl/tests/unit/test_data/working_example_wb.xlsx', 'sheetname': 'IP_DATA', 'mapping': <enum 'NestedDataMap'>, 'min_row': 2} on 1 hosts
2021-06-22 01:49:39,745 -  nornir.core -     INFO -        run() - Running task 'pyxl_data_map' with args {'workbook': '/home/htinoco/Dropbox/py-progz/nornir_pyxl/tests/unit/test_data/working_example_wb.xlsx', 'sheetname': 'IP_DATA', 'mapping': <enum 'NestedDataMap'>, 'min_row': 2} on 1 hosts
2021-06-22 01:50:18,103 -  nornir.core -     INFO -        run() - Running task 'pyxl_data_map' with args {'workbook': '/home/htinoco/Dropbox/py-progz/nornir_pyxl/tests/unit/test_data/working_example_wb.xlsx', 'sheetname': 'IP_DATA', 'mapping': <enum 'NestedDataMap'>, 'min_row': 2} on 1 hosts
2021-06-22 01:50:28,079 -  nornir.core -     INFO -        run() - Running task 'pyxl_data_map' with args {'workbook': '/home/htinoco/Dropbox/py-progz/nornir_pyxl/tests/unit/test_data/working_example_wb.xlsx', 'sheetname': 'IP_DATA', 'mapping': <enum 'NestedDataMap'>, 'min_row': 2} on 1 hosts
